<?xml version="1.0" encoding="UTF-8"?>
<!-- Generated by org.testng.reporters.JUnitReportReporter -->
<testsuite hostname="DESKTOP-3UGTBIN" failures="0" tests="1" name="ScratchAutomationProject.BDDCucumber_SeleniumANDJunit.AppTest" time="0.008" errors="0" timestamp="2024-11-26T17:56:30 IST" skipped="0">
  <testcase classname="ScratchAutomationProject.BDDCucumber_SeleniumANDJunit.AppTest" name="shouldAnswerWithTrue" time="0.008"/>
  <system-out/>
</testsuite> <!-- ScratchAutomationProject.BDDCucumber_SeleniumANDJunit.AppTest -->
